[02:42:25] [main/INFO]: Environment: authHost='https://authserver.mojang.com', accountsHost='https://api.mojang.com', sessionHost='https://sessionserver.mojang.com', servicesHost='https://api.minecraftservices.com', name='PROD'
[02:42:26] [main/WARN]: Ambiguity between arguments [teleport, destination] and [teleport, targets] with inputs: [Player, 0123, @e, dd12be42-52a9-4a91-a8a1-11c01849e498]
[02:42:26] [main/WARN]: Ambiguity between arguments [teleport, location] and [teleport, destination] with inputs: [0.1 -0.5 .9, 0 0 0]
[02:42:26] [main/WARN]: Ambiguity between arguments [teleport, location] and [teleport, targets] with inputs: [0.1 -0.5 .9, 0 0 0]
[02:42:26] [main/WARN]: Ambiguity between arguments [teleport, targets] and [teleport, destination] with inputs: [Player, 0123, dd12be42-52a9-4a91-a8a1-11c01849e498]
[02:42:26] [main/WARN]: Ambiguity between arguments [teleport, targets, location] and [teleport, targets, destination] with inputs: [0.1 -0.5 .9, 0 0 0]
[02:42:26] [main/INFO]: Reloading ResourceManager: Default
[02:42:26] [Worker-Main-5/INFO]: Loaded 7 recipes
[02:42:27] [Worker-Main-5/INFO]: Loaded 927 advancements
[02:42:28] [Server thread/INFO]: Starting minecraft server version 1.16.5
[02:42:28] [Server thread/INFO]: Loading properties
[02:42:28] [Server thread/INFO]: Default game type: SURVIVAL
[02:42:28] [Server thread/INFO]: Generating keypair
[02:42:28] [Server thread/INFO]: Starting Minecraft server on *:25565
[02:42:29] [Server thread/INFO]: Using epoll channel type
[02:42:29] [Server thread/WARN]: **** SERVER IS RUNNING IN OFFLINE/INSECURE MODE!
[02:42:29] [Server thread/WARN]: The server will make no attempt to authenticate usernames. Beware.
[02:42:29] [Server thread/WARN]: While this makes the game possible to play without internet access, it also opens up the ability for hackers to connect with any username they choose.
[02:42:29] [Server thread/WARN]: To change this, set "online-mode" to "true" in the server.properties file.
[02:42:29] [Server thread/INFO]: Preparing level "world"
[02:42:29] [Server thread/INFO]: Preparing start region for dimension minecraft:overworld
[02:42:30] [Server thread/INFO]: Preparing spawn area: 0%
[02:42:30] [Server thread/INFO]: Preparing spawn area: 0%
[02:42:30] [Server thread/INFO]: Preparing spawn area: 0%
[02:42:30] [Server thread/INFO]: Preparing spawn area: 0%
[02:42:33] [Worker-Main-6/INFO]: Preparing spawn area: 83%
[02:42:33] [Worker-Main-4/INFO]: Preparing spawn area: 83%
[02:42:33] [Worker-Main-4/INFO]: Preparing spawn area: 83%
[02:42:33] [Worker-Main-4/INFO]: Preparing spawn area: 83%
[02:42:33] [Worker-Main-4/INFO]: Preparing spawn area: 83%
[02:42:33] [Worker-Main-4/INFO]: Preparing spawn area: 83%
[02:42:34] [Worker-Main-5/INFO]: Preparing spawn area: 99%
[02:42:34] [Server thread/INFO]: Time elapsed: 5296 ms
[02:42:34] [Server thread/INFO]: Done (5.408s)! For help, type "help"
[02:43:02] [Server thread/INFO]: Its_Gabo7[/0:0:0:0:0:0:0:1%0:52550] logged in with entity id 26 at (620.061599009179, 69.0, -684.5)
[02:43:02] [Server thread/INFO]: Its_Gabo7 joined the game
[02:43:03] [Server thread/INFO]: Black_insnillo[/0:0:0:0:0:0:0:1%0:52562] logged in with entity id 123 at (620.0801557862598, 69.6000000178814, -678.0476170245187)
[02:43:03] [Server thread/INFO]: Black_insnillo joined the game
[02:44:24] [Server thread/INFO]: Its_Gabo7 has made the advancement [What a Deal!]
[02:56:04] [Server thread/WARN]: Mismatch in destroy block pos: fx{x=689, y=64, z=-680} fx{x=690, y=62, z=-681}
[02:58:28] [Server thread/WARN]: Boat (vehicle of Black_insnillo) moved wrongly! 0.5733173976793751
[02:58:28] [Server thread/WARN]: Boat (vehicle of Black_insnillo) moved wrongly! 0.4641249041580977
[02:58:28] [Server thread/WARN]: Boat (vehicle of Black_insnillo) moved wrongly! 0.3532516635121965
[02:58:28] [Server thread/WARN]: Boat (vehicle of Black_insnillo) moved wrongly! 0.34065166443213
[02:58:28] [Server thread/WARN]: Boat (vehicle of Black_insnillo) moved wrongly! 0.3167116664802734
[02:58:28] [Server thread/WARN]: Boat (vehicle of Black_insnillo) moved wrongly! 0.2825656698142893
[03:05:55] [Server thread/INFO]: Black_insnillo has made the advancement [A Seedy Place]
[03:06:29] [Server thread/INFO]: Its_Gabo7 has made the advancement [Sweet Dreams]
[03:06:39] [Server thread/INFO]: Its_Gabo7 has made the advancement [Diamonds!]
[03:06:49] [Server thread/INFO]: Black_insnillo has made the advancement [Diamonds!]
[03:08:46] [Server thread/INFO]: Its_Gabo7 has made the advancement [A Seedy Place]
[03:22:25] [Server thread/INFO]: Its_Gabo7 has made the advancement [Best Friends Forever]
[03:26:06] [Server thread/WARN]: Fetching packet for removed entity bcv['Air'/11182, l='ServerLevel[world]', x=607.56, y=70.32, z=-700.07]
[03:26:45] [Server thread/WARN]: Fetching packet for removed entity bcv['Air'/11701, l='ServerLevel[world]', x=608.06, y=70.32, z=-698.14]
[03:26:46] [Server thread/WARN]: Fetching packet for removed entity bcv['Air'/11706, l='ServerLevel[world]', x=608.06, y=70.32, z=-698.14]
[03:26:47] [Server thread/WARN]: Fetching packet for removed entity bcv['Air'/11739, l='ServerLevel[world]', x=608.30, y=70.32, z=-697.88]
[03:26:48] [Server thread/WARN]: Fetching packet for removed entity bcv['Air'/11760, l='ServerLevel[world]', x=608.30, y=70.32, z=-697.88]
[03:26:52] [Server thread/WARN]: Fetching packet for removed entity bcv['Air'/11831, l='ServerLevel[world]', x=608.01, y=70.32, z=-697.12]
[03:29:21] [Server thread/INFO]: Black_insnillo lost connection: Disconnected
[03:29:21] [Server thread/INFO]: Black_insnillo left the game
[03:29:21] [Server thread/WARN]: handleDisconnection() called twice
[03:29:26] [Server thread/INFO]: Black_insnillo[/0:0:0:0:0:0:0:1%0:51552] logged in with entity id 13877 at (1235.8849855111412, 72.6000000178814, -1508.3673140721617)
[03:29:26] [Server thread/INFO]: Black_insnillo joined the game
[03:31:27] [Server thread/WARN]: Mule (vehicle of Black_insnillo) moved wrongly! 0.3151313426251363
[03:31:27] [Server thread/WARN]: Mule (vehicle of Black_insnillo) moved wrongly! 0.7335477401293247
[03:31:27] [Server thread/WARN]: Mule (vehicle of Black_insnillo) moved wrongly! 1.1590112525034328
[03:31:27] [Server thread/WARN]: Mule (vehicle of Black_insnillo) moved wrongly! 1.5616105212670846
[03:31:27] [Server thread/WARN]: Mule (vehicle of Black_insnillo) moved wrongly! 1.9174162623651227
